<?xml version="1.0" encoding="UTF-8"?>
<!-- Generated by org.testng.reporters.JUnitXMLReporter -->
<testsuite ignored="0" hostname="LAPTOP-L7BBIJ8U" failures="1" tests="1" name="Test" time="13.263" errors="0" timestamp="2023-05-02T12:03:36 IST">
  <testcase classname="testscript.Login_script" name="test1" time="1.321">
    <failure type="java.lang.AssertionError" message="null">
      <![CDATA[java.lang.AssertionError: null
at testscript.Login_script.test1(Login_script.java:19)
at java.base/java.util.ArrayList.forEach(ArrayList.java:1511)
... Removed 27 stack frames]]>
    </failure>
  </testcase> <!-- test1 -->
</testsuite> <!-- Test -->
